<?xml version="1.0" encoding="UTF-8"?>
<!-- Generated by org.testng.reporters.JUnitReportReporter -->
<testsuite hostname="Janodya-lap" failures="0" tests="9" name="com.Optiomax.testCases.AppsMenuTest" time="2.106" errors="1" timestamp="2024-09-02T14:15:15 IST" skipped="8">
  <testcase classname="com.Optiomax.testCases.AppsMenuTest" name="setup" time="2.106">
    <error message="session not created: This version of ChromeDriver only supports Chrome version 126
Current browser version is 128.0.6613.113 with binary path C:\Program Files (x86)\Google\Chrome\Application\chrome.exe
Build info: version: &#039;3.141.59&#039;, revision: &#039;e82be7d358&#039;, time: &#039;2018-11-14T08:25:48&#039;
System info: host: &#039;JANODYA-LAP&#039;, ip: &#039;192.168.8.174&#039;, os.name: &#039;Windows 10&#039;, os.arch: &#039;amd64&#039;, os.version: &#039;10.0&#039;, java.version: &#039;17.0.11&#039;
Driver info: driver.version: ChromeDriver
remote stacktrace: 	GetHandleVerifier [0x00007FF6BD2D3E52+31618]
	(No symbol) [0x00007FF6BD24B0B9]
	(No symbol) [0x00007FF6BD10888A]
	(No symbol) [0x00007FF6BD147002]
	(No symbol) [0x00007FF6BD146138]
	(No symbol) [0x00007FF6BD140E6C]
	(No symbol) [0x00007FF6BD13BC8F]
	(No symbol) [0x00007FF6BD188864]
	(No symbol) [0x00007FF6BD187EC0]
	(No symbol) [0x00007FF6BD17CEB3]
	(No symbol) [0x00007FF6BD14A46B]
	(No symbol) [0x00007FF6BD14B001]
	GetHandleVerifier [0x00007FF6BD5DA02D+3202397]
	GetHandleVerifier [0x00007FF6BD626A4D+3516285]
	GetHandleVerifier [0x00007FF6BD61C4C0+3473904]
	GetHandleVerifier [0x00007FF6BD385D56+760454]
	(No symbol) [0x00007FF6BD256B5F]
	(No symbol) [0x00007FF6BD251CF4]
	(No symbol) [0x00007FF6BD251E82]
	(No symbol) [0x00007FF6BD24122F]
	BaseThreadInitThunk [0x00007FF9B4A67374+20]
	RtlUserThreadStart [0x00007FF9B5A7CC91+33]
" type="org.openqa.selenium.SessionNotCreatedException">
      <![CDATA[org.openqa.selenium.SessionNotCreatedException: session not created: This version of ChromeDriver only supports Chrome version 126
Current browser version is 128.0.6613.113 with binary path C:\Program Files (x86)\Google\Chrome\Application\chrome.exe
Build info: version: '3.141.59', revision: 'e82be7d358', time: '2018-11-14T08:25:48'
System info: host: 'JANODYA-LAP', ip: '192.168.8.174', os.name: 'Windows 10', os.arch: 'amd64', os.version: '10.0', java.version: '17.0.11'
Driver info: driver.version: ChromeDriver
remote stacktrace: GetHandleVerifier [0x00007FF6BD2D3E52+31618]
(No symbol) [0x00007FF6BD24B0B9]
(No symbol) [0x00007FF6BD10888A]
(No symbol) [0x00007FF6BD147002]
(No symbol) [0x00007FF6BD146138]
(No symbol) [0x00007FF6BD140E6C]
(No symbol) [0x00007FF6BD13BC8F]
(No symbol) [0x00007FF6BD188864]
(No symbol) [0x00007FF6BD187EC0]
(No symbol) [0x00007FF6BD17CEB3]
(No symbol) [0x00007FF6BD14A46B]
(No symbol) [0x00007FF6BD14B001]
GetHandleVerifier [0x00007FF6BD5DA02D+3202397]
GetHandleVerifier [0x00007FF6BD626A4D+3516285]
GetHandleVerifier [0x00007FF6BD61C4C0+3473904]
GetHandleVerifier [0x00007FF6BD385D56+760454]
(No symbol) [0x00007FF6BD256B5F]
(No symbol) [0x00007FF6BD251CF4]
(No symbol) [0x00007FF6BD251E82]
(No symbol) [0x00007FF6BD24122F]
BaseThreadInitThunk [0x00007FF9B4A67374+20]
RtlUserThreadStart [0x00007FF9B5A7CC91+33]

at java.base/jdk.internal.reflect.NativeConstructorAccessorImpl.newInstance0(Native Method)
at java.base/jdk.internal.reflect.NativeConstructorAccessorImpl.newInstance(NativeConstructorAccessorImpl.java:77)
at java.base/jdk.internal.reflect.DelegatingConstructorAccessorImpl.newInstance(DelegatingConstructorAccessorImpl.java:45)
at java.base/java.lang.reflect.Constructor.newInstanceWithCaller(Constructor.java:499)
at java.base/java.lang.reflect.Constructor.newInstance(Constructor.java:480)
at org.openqa.selenium.remote.W3CHandshakeResponse.lambda$errorHandler$0(W3CHandshakeResponse.java:62)
at org.openqa.selenium.remote.HandshakeResponse.lambda$getResponseFunction$0(HandshakeResponse.java:30)
at org.openqa.selenium.remote.ProtocolHandshake.lambda$createSession$0(ProtocolHandshake.java:126)
at java.base/java.util.stream.ReferencePipeline$3$1.accept(ReferencePipeline.java:197)
at java.base/java.util.Spliterators$ArraySpliterator.tryAdvance(Spliterators.java:1002)
at java.base/java.util.stream.ReferencePipeline.forEachWithCancel(ReferencePipeline.java:129)
at java.base/java.util.stream.AbstractPipeline.copyIntoWithCancel(AbstractPipeline.java:527)
at java.base/java.util.stream.AbstractPipeline.copyInto(AbstractPipeline.java:513)
at java.base/java.util.stream.AbstractPipeline.wrapAndCopyInto(AbstractPipeline.java:499)
at java.base/java.util.stream.FindOps$FindOp.evaluateSequential(FindOps.java:150)
at java.base/java.util.stream.AbstractPipeline.evaluate(AbstractPipeline.java:234)
at java.base/java.util.stream.ReferencePipeline.findFirst(ReferencePipeline.java:647)
at org.openqa.selenium.remote.ProtocolHandshake.createSession(ProtocolHandshake.java:128)
at org.openqa.selenium.remote.ProtocolHandshake.createSession(ProtocolHandshake.java:74)
at org.openqa.selenium.remote.HttpCommandExecutor.execute(HttpCommandExecutor.java:136)
at org.openqa.selenium.remote.service.DriverCommandExecutor.execute(DriverCommandExecutor.java:83)
at org.openqa.selenium.remote.RemoteWebDriver.execute(RemoteWebDriver.java:552)
at org.openqa.selenium.remote.RemoteWebDriver.startSession(RemoteWebDriver.java:213)
at org.openqa.selenium.remote.RemoteWebDriver.<init>(RemoteWebDriver.java:131)
at org.openqa.selenium.chrome.ChromeDriver.<init>(ChromeDriver.java:181)
at org.openqa.selenium.chrome.ChromeDriver.<init>(ChromeDriver.java:168)
at org.openqa.selenium.chrome.ChromeDriver.<init>(ChromeDriver.java:123)
at com.Optiomax.pageObjetcs.BasePage.setup(BasePage.java:18)
at java.base/jdk.internal.reflect.NativeMethodAccessorImpl.invoke0(Native Method)
at java.base/jdk.internal.reflect.NativeMethodAccessorImpl.invoke(NativeMethodAccessorImpl.java:77)
at java.base/jdk.internal.reflect.DelegatingMethodAccessorImpl.invoke(DelegatingMethodAccessorImpl.java:43)
at java.base/java.lang.reflect.Method.invoke(Method.java:568)
at org.testng.internal.MethodInvocationHelper.invokeMethod(MethodInvocationHelper.java:133)
at org.testng.internal.MethodInvocationHelper.invokeMethodConsideringTimeout(MethodInvocationHelper.java:62)
at org.testng.internal.ConfigInvoker.invokeConfigurationMethod(ConfigInvoker.java:385)
at org.testng.internal.ConfigInvoker.invokeConfigurations(ConfigInvoker.java:321)
at org.testng.internal.TestMethodWorker.invokeBeforeClassMethods(TestMethodWorker.java:176)
at org.testng.internal.TestMethodWorker.run(TestMethodWorker.java:122)
at java.base/java.util.ArrayList.forEach(ArrayList.java:1511)
at org.testng.TestRunner.privateRun(TestRunner.java:794)
at org.testng.TestRunner.run(TestRunner.java:596)
at org.testng.SuiteRunner.runTest(SuiteRunner.java:377)
at org.testng.SuiteRunner.runSequentially(SuiteRunner.java:371)
at org.testng.SuiteRunner.privateRun(SuiteRunner.java:332)
at org.testng.SuiteRunner.run(SuiteRunner.java:276)
at org.testng.SuiteRunnerWorker.runSuite(SuiteRunnerWorker.java:53)
at org.testng.SuiteRunnerWorker.run(SuiteRunnerWorker.java:96)
at org.testng.TestNG.runSuitesSequentially(TestNG.java:1212)
at org.testng.TestNG.runSuitesLocally(TestNG.java:1134)
at org.testng.TestNG.runSuites(TestNG.java:1063)
at org.testng.TestNG.run(TestNG.java:1031)
at org.testng.remote.AbstractRemoteTestNG.run(AbstractRemoteTestNG.java:115)
at org.testng.remote.RemoteTestNG.initAndRun(RemoteTestNG.java:293)
at org.testng.remote.RemoteTestNG.main(RemoteTestNG.java:91)
]]>
    </error>
  </testcase> <!-- setup -->
  <system-out/>
  <testcase classname="com.Optiomax.testCases.AppsMenuTest" name="testMenuItemClickableAndHighlighted" time="0.000">
    <skipped/>
  </testcase> <!-- testMenuItemClickableAndHighlighted -->
  <system-out/>
  <testcase classname="com.Optiomax.testCases.AppsMenuTest" name="testMenuItemsOrder" time="0.000">
    <skipped/>
  </testcase> <!-- testMenuItemsOrder -->
  <system-out/>
  <testcase classname="com.Optiomax.testCases.AppsMenuTest" name="testMenuItemsIcons" time="0.000">
    <skipped/>
  </testcase> <!-- testMenuItemsIcons -->
  <system-out/>
  <testcase classname="com.Optiomax.testCases.AppsMenuTest" name="testSalesPageNavigation" time="0.000">
    <skipped/>
  </testcase> <!-- testSalesPageNavigation -->
  <system-out/>
  <testcase classname="com.Optiomax.testCases.AppsMenuTest" name="testUsersPageNavigation" time="0.000">
    <skipped/>
  </testcase> <!-- testUsersPageNavigation -->
  <system-out/>
  <testcase classname="com.Optiomax.testCases.AppsMenuTest" name="testInboxPageNavigation" time="0.000">
    <skipped/>
  </testcase> <!-- testInboxPageNavigation -->
  <system-out/>
  <testcase classname="com.Optiomax.testCases.AppsMenuTest" name="testMenuResponsiveness" time="0.000">
    <skipped/>
  </testcase> <!-- testMenuResponsiveness -->
  <system-out/>
  <testcase classname="com.Optiomax.testCases.AppsMenuTest" name="testQuickMenuItemClicks" time="0.000">
    <skipped/>
  </testcase> <!-- testQuickMenuItemClicks -->
  <system-out/>
</testsuite> <!-- com.Optiomax.testCases.AppsMenuTest -->
